0 info it worked if it ends with ok
1 verbose cli [ 'node',
1 verbose cli   '/usr/local/node-v0.12.7/deps/npm/bin/npm-cli.js',
1 verbose cli   'publish' ]
2 info using npm@2.11.3
3 info using node@v0.12.7
4 verbose node symlink /usr/bin/node
5 verbose publish [ '.' ]
6 verbose stack Error: Failed to parse json
6 verbose stack Unexpected token '"' at 49:5
6 verbose stack     "dom",
6 verbose stack     ^
6 verbose stack     at parseError (/usr/local/node-v0.12.7/deps/npm/node_modules/read-package-json/read-json.js:379:11)
6 verbose stack     at parseJson (/usr/local/node-v0.12.7/deps/npm/node_modules/read-package-json/read-json.js:68:23)
6 verbose stack     at /usr/local/node-v0.12.7/deps/npm/node_modules/read-package-json/read-json.js:48:5
6 verbose stack     at evalmachine.<anonymous>:334:14
6 verbose stack     at /usr/local/node-v0.12.7/deps/npm/node_modules/graceful-fs/graceful-fs.js:102:5
6 verbose stack     at FSReqWrap.oncomplete (evalmachine.<anonymous>:95:15)
7 verbose cwd /home/leoxnidas/Escritorio/l-string
8 error Linux 3.16.0-4-686-pae
9 error argv "node" "/usr/local/node-v0.12.7/deps/npm/bin/npm-cli.js" "publish"
10 error node v0.12.7
11 error npm  v2.11.3
12 error file /home/leoxnidas/Escritorio/l-string/package.json
13 error code EJSONPARSE
14 error Failed to parse json
14 error Unexpected token '"' at 49:5
14 error     "dom",
14 error     ^
15 error File: /home/leoxnidas/Escritorio/l-string/package.json
16 error Failed to parse package.json data.
16 error package.json must be actual JSON, not just JavaScript.
16 error
16 error This is not a bug in npm.
16 error Tell the package author to fix their package.json file. JSON.parse
17 verbose exit [ 1, true ]
